d:\c++_client\maplestory_dx11\client2d\binobj\vc142.pdb
d:\c++_client\maplestory_dx11\client2d\binobj\vc142.idb
d:\c++_client\maplestory_dx11\client2d\binobj\testwidget.obj
d:\c++_client\maplestory_dx11\client2d\binobj\testscene.obj
d:\c++_client\maplestory_dx11\client2d\binobj\mainscene.obj
d:\c++_client\maplestory_dx11\client2d\binobj\loadingthread.obj
d:\c++_client\maplestory_dx11\client2d\binobj\loadingscene.obj
d:\c++_client\maplestory_dx11\client2d\binobj\testmonster.obj
d:\c++_client\maplestory_dx11\client2d\binobj\playermanager.obj
d:\c++_client\maplestory_dx11\client2d\binobj\playeranimation2d.obj
d:\c++_client\maplestory_dx11\client2d\binobj\player2d.obj
d:\c++_client\maplestory_dx11\client2d\binobj\objectmanager.obj
d:\c++_client\maplestory_dx11\client2d\binobj\monstermanager.obj
d:\c++_client\maplestory_dx11\client2d\binobj\main.obj
d:\c++_client\maplestory_dx11\client2d\binobj\clientmanager.obj
d:\c++_client\maplestory_dx11\client2d\bin\client2d_debug.exe
d:\c++_client\maplestory_dx11\client2d\binobj\client2d_debug.ilk
d:\c++_client\maplestory_dx11\client2d\bin\client2d_debug.pdb
d:\c++_client\maplestory_dx11\client2d\binobj\client2d.res
d:\c++_client\maplestory_dx11\client2d\binobj\../bin/client2d_debug.pdb
d:\c++_client\maplestory_dx11\client2d\binobj\client2d.tlog\cl.command.1.tlog
d:\c++_client\maplestory_dx11\client2d\binobj\client2d.tlog\cl.read.1.tlog
d:\c++_client\maplestory_dx11\client2d\binobj\client2d.tlog\cl.write.1.tlog
d:\c++_client\maplestory_dx11\client2d\binobj\client2d.tlog\link.command.1.tlog
d:\c++_client\maplestory_dx11\client2d\binobj\client2d.tlog\link.read.1.tlog
d:\c++_client\maplestory_dx11\client2d\binobj\client2d.tlog\link.write.1.tlog
d:\c++_client\maplestory_dx11\client2d\binobj\client2d.tlog\rc.command.1.tlog
d:\c++_client\maplestory_dx11\client2d\binobj\client2d.tlog\rc.read.1.tlog
d:\c++_client\maplestory_dx11\client2d\binobj\client2d.tlog\rc.write.1.tlog
